This file contains any messages produced by compilers while
running configure, to aid debugging if configure makes a mistake.

It was created by bin/LDBlockShow configure 1.33, which was
generated by GNU Autoconf 2.63.  Invocation command line was

  $ ./configure --no-create --no-recursion

## --------- ##
## Platform. ##
## --------- ##

hostname = software-install.cngb.sz.hpc
uname -m = x86_64
uname -r = 2.6.32-696.30.1.el6.x86_64
uname -s = Linux
uname -v = #1 SMP Tue May 22 03:28:18 UTC 2018

/usr/bin/uname -p = unknown
/bin/uname -X     = unknown

/bin/arch              = x86_64
/usr/bin/arch -k       = unknown
/usr/convex/getsysinfo = unknown
/usr/bin/hostinfo      = unknown
/bin/machine           = unknown
/usr/bin/oslevel       = unknown
/bin/universe          = unknown

PATH: /opt/openmpi/bin
PATH: /usr/lib64/qt-3.3/bin
PATH: /usr/local/bin
PATH: /bin
PATH: /usr/bin
PATH: /usr/local/sbin
PATH: /usr/sbin
PATH: /sbin
PATH: /opt/bio/ncbi/bin
PATH: /opt/bio/mpiblast/bin
PATH: /opt/bio/EMBOSS/bin
PATH: /opt/bio/clustalw/bin
PATH: /opt/bio/tcoffee/bin
PATH: /opt/bio/hmmer/bin
PATH: /opt/bio/phylip/exe
PATH: /opt/bio/mrbayes
PATH: /opt/bio/fasta
PATH: /opt/bio/glimmer/bin
PATH: /opt/bio/glimmer/scripts
PATH: /opt/bio/gromacs/bin
PATH: /opt/bio/gmap/bin
PATH: /opt/bio/tigr/bin
PATH: /opt/bio/autodocksuite/bin
PATH: /opt/bio/wgs/bin
PATH: /opt/ganglia/bin
PATH: /opt/ganglia/sbin
PATH: /usr/java/latest/bin
PATH: /opt/rocks/bin
PATH: /opt/rocks/sbin
PATH: /opt/condor/bin
PATH: /opt/condor/sbin
PATH: /opt/gridengine/bin/lx-amd64


## ----------- ##
## Core tests. ##
## ----------- ##

configure:1909: checking for a BSD-compatible install
configure:1977: result: /usr/bin/install -c
configure:1988: checking whether build environment is sane
configure:2048: result: yes
configure:2189: checking for a thread-safe mkdir -p
configure:2228: result: /bin/mkdir -p
configure:2241: checking for gawk
configure:2257: found /bin/gawk
configure:2268: result: gawk
configure:2279: checking whether make sets $(MAKE)
configure:2301: result: yes
configure:2391: checking for gawk
configure:2418: result: gawk
configure:2487: checking for g++
configure:2503: found /usr/bin/g++
configure:2514: result: g++
configure:2541: checking for C++ compiler version
configure:2549: g++ --version >&5
g++ (GCC) 4.4.7 20120313 (Red Hat 4.4.7-18)
Copyright (C) 2010 Free Software Foundation, Inc.
This is free software; see the source for copying conditions.  There is NO
warranty; not even for MERCHANTABILITY or FITNESS FOR A PARTICULAR PURPOSE.

configure:2553: $? = 0
configure:2560: g++ -v >&5
Using built-in specs.
Target: x86_64-redhat-linux
Configured with: ../configure --prefix=/usr --mandir=/usr/share/man --infodir=/usr/share/info --with-bugurl=http://bugzilla.redhat.com/bugzilla --enable-bootstrap --enable-shared --enable-threads=posix --enable-checking=release --with-system-zlib --enable-__cxa_atexit --disable-libunwind-exceptions --enable-gnu-unique-object --enable-languages=c,c++,objc,obj-c++,java,fortran,ada --enable-java-awt=gtk --disable-dssi --with-java-home=/usr/lib/jvm/java-1.5.0-gcj-1.5.0.0/jre --enable-libgcj-multifile --enable-java-maintainer-mode --with-ecj-jar=/usr/share/java/eclipse-ecj.jar --disable-libjava-multilib --with-ppl --with-cloog --with-tune=generic --with-arch_32=i686 --build=x86_64-redhat-linux
Thread model: posix
gcc version 4.4.7 20120313 (Red Hat 4.4.7-18) (GCC) 
configure:2564: $? = 0
configure:2571: g++ -V >&5
g++: '-V' option must have argument
configure:2575: $? = 1
configure:2598: checking for C++ compiler default output file name
configure:2620: g++    conftest.cpp  >&5
configure:2624: $? = 0
configure:2662: result: a.out
configure:2681: checking whether the C++ compiler works
configure:2691: ./a.out
configure:2695: $? = 0
configure:2714: result: yes
configure:2721: checking whether we are cross compiling
configure:2723: result: no
configure:2726: checking for suffix of executables
configure:2733: g++ -o conftest    conftest.cpp  >&5
configure:2737: $? = 0
configure:2763: result: 
configure:2769: checking for suffix of object files
configure:2795: g++ -c   conftest.cpp >&5
configure:2799: $? = 0
configure:2824: result: o
configure:2828: checking whether we are using the GNU C++ compiler
configure:2857: g++ -c   conftest.cpp >&5
configure:2864: $? = 0
configure:2881: result: yes
configure:2890: checking whether g++ accepts -g
configure:2920: g++ -c -g  conftest.cpp >&5
configure:2927: $? = 0
configure:3028: result: yes
configure:3062: checking for style of include used by make
configure:3090: result: GNU
configure:3115: checking dependency style of g++
configure:3225: result: gcc3
configure:3294: checking for gcc
configure:3310: found /usr/bin/gcc
configure:3321: result: gcc
configure:3355: checking for C compiler version
configure:3363: gcc --version >&5
gcc (GCC) 4.4.7 20120313 (Red Hat 4.4.7-18)
Copyright (C) 2010 Free Software Foundation, Inc.
This is free software; see the source for copying conditions.  There is NO
warranty; not even for MERCHANTABILITY or FITNESS FOR A PARTICULAR PURPOSE.

configure:3367: $? = 0
configure:3374: gcc -v >&5
Using built-in specs.
Target: x86_64-redhat-linux
Configured with: ../configure --prefix=/usr --mandir=/usr/share/man --infodir=/usr/share/info --with-bugurl=http://bugzilla.redhat.com/bugzilla --enable-bootstrap --enable-shared --enable-threads=posix --enable-checking=release --with-system-zlib --enable-__cxa_atexit --disable-libunwind-exceptions --enable-gnu-unique-object --enable-languages=c,c++,objc,obj-c++,java,fortran,ada --enable-java-awt=gtk --disable-dssi --with-java-home=/usr/lib/jvm/java-1.5.0-gcj-1.5.0.0/jre --enable-libgcj-multifile --enable-java-maintainer-mode --with-ecj-jar=/usr/share/java/eclipse-ecj.jar --disable-libjava-multilib --with-ppl --with-cloog --with-tune=generic --with-arch_32=i686 --build=x86_64-redhat-linux
Thread model: posix
gcc version 4.4.7 20120313 (Red Hat 4.4.7-18) (GCC) 
configure:3378: $? = 0
configure:3385: gcc -V >&5
gcc: '-V' option must have argument
configure:3389: $? = 1
configure:3392: checking whether we are using the GNU C compiler
configure:3421: gcc -c   conftest.c >&5
configure:3428: $? = 0
configure:3445: result: yes
configure:3454: checking whether gcc accepts -g
configure:3484: gcc -c -g  conftest.c >&5
configure:3491: $? = 0
configure:3592: result: yes
configure:3609: checking for gcc option to accept ISO C89
configure:3683: gcc  -c -g -O2  conftest.c >&5
configure:3690: $? = 0
configure:3713: result: none needed
configure:3733: checking dependency style of gcc
configure:3843: result: gcc3
configure:3863: checking how to run the C preprocessor
configure:3903: gcc -E  conftest.c
configure:3910: $? = 0
configure:3941: gcc -E  conftest.c
conftest.c:10:28: error: ac_nonexistent.h: No such file or directory
configure:3948: $? = 1
configure: failed program was:
| /* confdefs.h.  */
| #define PACKAGE_NAME "bin/LDBlockShow"
| #define PACKAGE_TARNAME "bin-ldblockshow"
| #define PACKAGE_VERSION "1.33"
| #define PACKAGE_STRING "bin/LDBlockShow 1.33"
| #define PACKAGE_BUGREPORT "hewm2008@gmail.com"
| #define PACKAGE "bin/LDBlockShow"
| #define VERSION "1.33"
| /* end confdefs.h.  */
| #include <ac_nonexistent.h>
configure:3981: result: gcc -E
configure:4010: gcc -E  conftest.c
configure:4017: $? = 0
configure:4048: gcc -E  conftest.c
conftest.c:10:28: error: ac_nonexistent.h: No such file or directory
configure:4055: $? = 1
configure: failed program was:
| /* confdefs.h.  */
| #define PACKAGE_NAME "bin/LDBlockShow"
| #define PACKAGE_TARNAME "bin-ldblockshow"
| #define PACKAGE_VERSION "1.33"
| #define PACKAGE_STRING "bin/LDBlockShow 1.33"
| #define PACKAGE_BUGREPORT "hewm2008@gmail.com"
| #define PACKAGE "bin/LDBlockShow"
| #define VERSION "1.33"
| /* end confdefs.h.  */
| #include <ac_nonexistent.h>
configure:4094: checking whether ln -s works
configure:4098: result: yes
configure:4105: checking whether make sets $(MAKE)
configure:4127: result: yes
configure:4179: checking for ranlib
configure:4195: found /usr/bin/ranlib
configure:4206: result: ranlib
configure:4233: checking for main in -lz
configure:4262: gcc -o conftest -g -O2   conftest.c -lz   >&5
configure:4269: $? = 0
configure:4290: result: yes
configure:4309: checking for grep that handles long lines and -e
configure:4369: result: /bin/grep
configure:4374: checking for egrep
configure:4438: result: /bin/grep -E
configure:4443: checking for ANSI C header files
configure:4473: gcc -c -g -O2  conftest.c >&5
configure:4480: $? = 0
configure:4579: gcc -o conftest -g -O2   conftest.c -lz  >&5
configure:4583: $? = 0
configure:4589: ./conftest
configure:4593: $? = 0
configure:4611: result: yes
configure:4635: checking for sys/types.h
configure:4656: gcc -c -g -O2  conftest.c >&5
configure:4663: $? = 0
configure:4680: result: yes
configure:4635: checking for sys/stat.h
configure:4656: gcc -c -g -O2  conftest.c >&5
configure:4663: $? = 0
configure:4680: result: yes
configure:4635: checking for stdlib.h
configure:4656: gcc -c -g -O2  conftest.c >&5
configure:4663: $? = 0
configure:4680: result: yes
configure:4635: checking for string.h
configure:4656: gcc -c -g -O2  conftest.c >&5
configure:4663: $? = 0
configure:4680: result: yes
configure:4635: checking for memory.h
configure:4656: gcc -c -g -O2  conftest.c >&5
configure:4663: $? = 0
configure:4680: result: yes
configure:4635: checking for strings.h
configure:4656: gcc -c -g -O2  conftest.c >&5
configure:4663: $? = 0
configure:4680: result: yes
configure:4635: checking for inttypes.h
configure:4656: gcc -c -g -O2  conftest.c >&5
configure:4663: $? = 0
configure:4680: result: yes
configure:4635: checking for stdint.h
configure:4656: gcc -c -g -O2  conftest.c >&5
configure:4663: $? = 0
configure:4680: result: yes
configure:4635: checking for unistd.h
configure:4656: gcc -c -g -O2  conftest.c >&5
configure:4663: $? = 0
configure:4680: result: yes
configure:4710: checking zlib.h usability
configure:4727: gcc -c -g -O2  conftest.c >&5
configure:4734: $? = 0
configure:4748: result: yes
configure:4752: checking zlib.h presence
configure:4767: gcc -E  conftest.c
configure:4774: $? = 0
configure:4788: result: yes
configure:4821: checking for zlib.h
configure:4830: result: yes
configure:4865: checking math.h usability
configure:4882: gcc -c -g -O2  conftest.c >&5
configure:4889: $? = 0
configure:4903: result: yes
configure:4907: checking math.h presence
configure:4922: gcc -E  conftest.c
configure:4929: $? = 0
configure:4943: result: yes
configure:4976: checking for math.h
configure:4985: result: yes
configure:5023: checking for stdlib.h
configure:5030: result: yes
configure:5169: checking for GNU libc compatible malloc
configure:5203: gcc -o conftest -g -O2   conftest.c -lz  >&5
configure:5207: $? = 0
configure:5213: ./conftest
configure:5217: $? = 0
configure:5234: result: yes
configure:5267: checking for stdlib.h
configure:5274: result: yes
configure:5413: checking for GNU libc compatible realloc
configure:5447: gcc -o conftest -g -O2   conftest.c -lz  >&5
configure:5451: $? = 0
configure:5457: ./conftest
configure:5461: $? = 0
configure:5478: result: yes
configure:5515: checking for memset
configure:5571: gcc -o conftest -g -O2   conftest.c -lz  >&5
conftest.c:50: warning: conflicting types for built-in function 'memset'
configure:5578: $? = 0
configure:5600: result: yes
configure:5515: checking for regcomp
configure:5571: gcc -o conftest -g -O2   conftest.c -lz  >&5
configure:5578: $? = 0
configure:5600: result: yes
configure:5515: checking for sqrt
configure:5571: gcc -o conftest -g -O2   conftest.c -lz  >&5
conftest.c:52: warning: conflicting types for built-in function 'sqrt'
/tmp/ccJyXNJP.o: In function `main':
/hwfssz4/BC_PUB/Pipeline/Install/LDBlockShow-1.33/conftest.c:63: undefined reference to `sqrt'
collect2: ld returned 1 exit status
configure:5578: $? = 1
configure: failed program was:
| /* confdefs.h.  */
| #define PACKAGE_NAME "bin/LDBlockShow"
| #define PACKAGE_TARNAME "bin-ldblockshow"
| #define PACKAGE_VERSION "1.33"
| #define PACKAGE_STRING "bin/LDBlockShow 1.33"
| #define PACKAGE_BUGREPORT "hewm2008@gmail.com"
| #define PACKAGE "bin/LDBlockShow"
| #define VERSION "1.33"
| #define HAVE_LIBZ 1
| #define STDC_HEADERS 1
| #define HAVE_SYS_TYPES_H 1
| #define HAVE_SYS_STAT_H 1
| #define HAVE_STDLIB_H 1
| #define HAVE_STRING_H 1
| #define HAVE_MEMORY_H 1
| #define HAVE_STRINGS_H 1
| #define HAVE_INTTYPES_H 1
| #define HAVE_STDINT_H 1
| #define HAVE_UNISTD_H 1
| #define HAVE_ZLIB_H 1
| #define HAVE_MATH_H 1
| #define HAVE_STDLIB_H 1
| #define HAVE_MALLOC 1
| #define HAVE_STDLIB_H 1
| #define HAVE_REALLOC 1
| #define HAVE_MEMSET 1
| #define HAVE_REGCOMP 1
| /* end confdefs.h.  */
| /* Define sqrt to an innocuous variant, in case <limits.h> declares sqrt.
|    For example, HP-UX 11i <limits.h> declares gettimeofday.  */
| #define sqrt innocuous_sqrt
| 
| /* System header to define __stub macros and hopefully few prototypes,
|     which can conflict with char sqrt (); below.
|     Prefer <limits.h> to <assert.h> if __STDC__ is defined, since
|     <limits.h> exists even on freestanding compilers.  */
| 
| #ifdef __STDC__
| # include <limits.h>
| #else
| # include <assert.h>
| #endif
| 
| #undef sqrt
| 
| /* Override any GCC internal prototype to avoid an error.
|    Use char because int might match the return type of a GCC
|    builtin and then its argument prototype would still apply.  */
| #ifdef __cplusplus
| extern "C"
| #endif
| char sqrt ();
| /* The GNU C library defines this for functions which it implements
|     to always fail with ENOSYS.  Some functions are actually named
|     something starting with __ and the normal name is an alias.  */
| #if defined __stub_sqrt || defined __stub___sqrt
| choke me
| #endif
| 
| int
| main ()
| {
| return sqrt ();
|   ;
|   return 0;
| }
configure:5600: result: no
configure:5515: checking for strdup
configure:5571: gcc -o conftest -g -O2   conftest.c -lz  >&5
conftest.c:52: warning: conflicting types for built-in function 'strdup'
configure:5578: $? = 0
configure:5600: result: yes
configure:5515: checking for strncasecmp
configure:5571: gcc -o conftest -g -O2   conftest.c -lz  >&5
conftest.c:53: warning: conflicting types for built-in function 'strncasecmp'
configure:5578: $? = 0
configure:5600: result: yes
configure:5515: checking for strtol
configure:5571: gcc -o conftest -g -O2   conftest.c -lz  >&5
configure:5578: $? = 0
configure:5600: result: yes
configure:5749: creating ./config.status

## ---------------- ##
## Cache variables. ##
## ---------------- ##

ac_cv_c_compiler_gnu=yes
ac_cv_cxx_compiler_gnu=yes
ac_cv_env_CCC_set=
ac_cv_env_CCC_value=
ac_cv_env_CC_set=
ac_cv_env_CC_value=
ac_cv_env_CFLAGS_set=
ac_cv_env_CFLAGS_value=
ac_cv_env_CPPFLAGS_set=
ac_cv_env_CPPFLAGS_value=
ac_cv_env_CPP_set=
ac_cv_env_CPP_value=
ac_cv_env_CXXFLAGS_set=
ac_cv_env_CXXFLAGS_value=
ac_cv_env_CXX_set=
ac_cv_env_CXX_value=
ac_cv_env_LDFLAGS_set=
ac_cv_env_LDFLAGS_value=
ac_cv_env_LIBS_set=
ac_cv_env_LIBS_value=
ac_cv_env_build_alias_set=
ac_cv_env_build_alias_value=
ac_cv_env_host_alias_set=
ac_cv_env_host_alias_value=
ac_cv_env_target_alias_set=
ac_cv_env_target_alias_value=
ac_cv_func_malloc_0_nonnull=yes
ac_cv_func_memset=yes
ac_cv_func_realloc_0_nonnull=yes
ac_cv_func_regcomp=yes
ac_cv_func_sqrt=no
ac_cv_func_strdup=yes
ac_cv_func_strncasecmp=yes
ac_cv_func_strtol=yes
ac_cv_header_inttypes_h=yes
ac_cv_header_math_h=yes
ac_cv_header_memory_h=yes
ac_cv_header_stdc=yes
ac_cv_header_stdint_h=yes
ac_cv_header_stdlib_h=yes
ac_cv_header_string_h=yes
ac_cv_header_strings_h=yes
ac_cv_header_sys_stat_h=yes
ac_cv_header_sys_types_h=yes
ac_cv_header_unistd_h=yes
ac_cv_header_zlib_h=yes
ac_cv_lib_z_main=yes
ac_cv_objext=o
ac_cv_path_EGREP='/bin/grep -E'
ac_cv_path_GREP=/bin/grep
ac_cv_path_install='/usr/bin/install -c'
ac_cv_path_mkdir=/bin/mkdir
ac_cv_prog_AWK=gawk
ac_cv_prog_CPP='gcc -E'
ac_cv_prog_ac_ct_CC=gcc
ac_cv_prog_ac_ct_CXX=g++
ac_cv_prog_ac_ct_RANLIB=ranlib
ac_cv_prog_cc_c89=
ac_cv_prog_cc_g=yes
ac_cv_prog_cxx_g=yes
ac_cv_prog_make_make_set=yes
am_cv_CC_dependencies_compiler_type=gcc3
am_cv_CXX_dependencies_compiler_type=gcc3

## ----------------- ##
## Output variables. ##
## ----------------- ##

ACLOCAL='${SHELL} /hwfssz4/BC_PUB/Pipeline/Install/LDBlockShow-1.33/missing --run aclocal-1.11'
AMDEPBACKSLASH='\'
AMDEP_FALSE='#'
AMDEP_TRUE=''
AMTAR='${SHELL} /hwfssz4/BC_PUB/Pipeline/Install/LDBlockShow-1.33/missing --run tar'
AUTOCONF='${SHELL} /hwfssz4/BC_PUB/Pipeline/Install/LDBlockShow-1.33/missing --run autoconf'
AUTOHEADER='${SHELL} /hwfssz4/BC_PUB/Pipeline/Install/LDBlockShow-1.33/missing --run autoheader'
AUTOMAKE='${SHELL} /hwfssz4/BC_PUB/Pipeline/Install/LDBlockShow-1.33/missing --run automake-1.11'
AWK='gawk'
CC='gcc'
CCDEPMODE='depmode=gcc3'
CFLAGS='-g -O2'
CPP='gcc -E'
CPPFLAGS=''
CXX='g++'
CXXDEPMODE='depmode=gcc3'
CXXFLAGS='-g -O2'
CYGPATH_W='echo'
DEFS='-DHAVE_CONFIG_H'
DEPDIR='.deps'
ECHO_C=''
ECHO_N='-n'
ECHO_T=''
EGREP='/bin/grep -E'
EXEEXT=''
GREP='/bin/grep'
INSTALL_DATA='${INSTALL} -m 644'
INSTALL_PROGRAM='${INSTALL}'
INSTALL_SCRIPT='${INSTALL}'
INSTALL_STRIP_PROGRAM='$(install_sh) -c -s'
LDFLAGS=''
LIBOBJS=''
LIBS='-lz '
LN_S='ln -s'
LTLIBOBJS=''
MAKEINFO='${SHELL} /hwfssz4/BC_PUB/Pipeline/Install/LDBlockShow-1.33/missing --run makeinfo'
MKDIR_P='/bin/mkdir -p'
OBJEXT='o'
PACKAGE='bin/LDBlockShow'
PACKAGE_BUGREPORT='hewm2008@gmail.com'
PACKAGE_NAME='bin/LDBlockShow'
PACKAGE_STRING='bin/LDBlockShow 1.33'
PACKAGE_TARNAME='bin-ldblockshow'
PACKAGE_VERSION='1.33'
PATH_SEPARATOR=':'
RANLIB='ranlib'
SET_MAKE=''
SHELL='/bin/sh'
STRIP=''
VERSION='1.33'
ac_ct_CC='gcc'
ac_ct_CXX='g++'
am__EXEEXT_FALSE=''
am__EXEEXT_TRUE='#'
am__fastdepCC_FALSE='#'
am__fastdepCC_TRUE=''
am__fastdepCXX_FALSE='#'
am__fastdepCXX_TRUE=''
am__include='include'
am__isrc=''
am__leading_dot='.'
am__quote=''
am__tar='${AMTAR} chof - "$$tardir"'
am__untar='${AMTAR} xf -'
bindir='${exec_prefix}/bin'
build_alias=''
datadir='${datarootdir}'
datarootdir='${prefix}/share'
docdir='${datarootdir}/doc/${PACKAGE_TARNAME}'
dvidir='${docdir}'
exec_prefix='${prefix}'
host_alias=''
htmldir='${docdir}'
includedir='${prefix}/include'
infodir='${datarootdir}/info'
install_sh='${SHELL} /hwfssz4/BC_PUB/Pipeline/Install/LDBlockShow-1.33/install-sh'
libdir='${exec_prefix}/lib'
libexecdir='${exec_prefix}/libexec'
localedir='${datarootdir}/locale'
localstatedir='${prefix}/var'
mandir='${datarootdir}/man'
mkdir_p='/bin/mkdir -p'
oldincludedir='/usr/include'
pdfdir='${docdir}'
prefix='/usr/local'
program_transform_name='s,x,x,'
psdir='${docdir}'
sbindir='${exec_prefix}/sbin'
sharedstatedir='${prefix}/com'
sysconfdir='${prefix}/etc'
target_alias=''

## ----------- ##
## confdefs.h. ##
## ----------- ##

#define PACKAGE_NAME "bin/LDBlockShow"
#define PACKAGE_TARNAME "bin-ldblockshow"
#define PACKAGE_VERSION "1.33"
#define PACKAGE_STRING "bin/LDBlockShow 1.33"
#define PACKAGE_BUGREPORT "hewm2008@gmail.com"
#define PACKAGE "bin/LDBlockShow"
#define VERSION "1.33"
#define HAVE_LIBZ 1
#define STDC_HEADERS 1
#define HAVE_SYS_TYPES_H 1
#define HAVE_SYS_STAT_H 1
#define HAVE_STDLIB_H 1
#define HAVE_STRING_H 1
#define HAVE_MEMORY_H 1
#define HAVE_STRINGS_H 1
#define HAVE_INTTYPES_H 1
#define HAVE_STDINT_H 1
#define HAVE_UNISTD_H 1
#define HAVE_ZLIB_H 1
#define HAVE_MATH_H 1
#define HAVE_STDLIB_H 1
#define HAVE_MALLOC 1
#define HAVE_STDLIB_H 1
#define HAVE_REALLOC 1
#define HAVE_MEMSET 1
#define HAVE_REGCOMP 1
#define HAVE_STRDUP 1
#define HAVE_STRNCASECMP 1
#define HAVE_STRTOL 1

configure: exit 0

## ---------------------- ##
## Running config.status. ##
## ---------------------- ##

This file was extended by bin/LDBlockShow config.status 1.33, which was
generated by GNU Autoconf 2.63.  Invocation command line was

  CONFIG_FILES    = 
  CONFIG_HEADERS  = 
  CONFIG_LINKS    = 
  CONFIG_COMMANDS = 
  $ ./config.status 

on software-install.cngb.sz.hpc

config.status:791: creating Makefile
config.status:791: creating config.h
config.status:1065: executing depfiles commands

## ---------------------- ##
## Running config.status. ##
## ---------------------- ##

This file was extended by bin/LDBlockShow config.status 1.33, which was
generated by GNU Autoconf 2.63.  Invocation command line was

  CONFIG_FILES    = 
  CONFIG_HEADERS  = 
  CONFIG_LINKS    = 
  CONFIG_COMMANDS = 
  $ ./config.status config.h

on software-install.cngb.sz.hpc

config.status:791: creating config.h
config.status:1013: config.h is unchanged
